Server at http://0.0.0.0:8001/
loading index.html...
static file index.html loaded
loading style.css...
static file style.css loaded
loading Maple.js/lib/Twist.js...
loading Maple.js/lib/Class.js...
loading Maple.js/lib/bison.js...
loading jquery-1.7.1.min.js...
loading Maple.js/Maple.js...
loading Maple.js/Client.js...
static file Maple.js/lib/Twist.js loaded
static file Maple.js/lib/Class.js loaded
static file Maple.js/lib/bison.js loaded
static file jquery-1.7.1.min.js loaded
static file Maple.js/Maple.js loaded
static file Maple.js/Client.js loaded
loading client.js...
static file client.js loaded
Server at http://0.0.0.0:8001/
loading index.html...
static file index.html loaded
loading style.css...
loading Maple.js/Maple.js...
loading Maple.js/lib/Twist.js...
loading Maple.js/lib/Class.js...
loading Maple.js/lib/bison.js...
loading jquery-1.7.1.min.js...
static file style.css loaded
static file Maple.js/Maple.js loaded
static file Maple.js/lib/Twist.js loaded
static file Maple.js/lib/Class.js loaded
static file Maple.js/lib/bison.js loaded
loading Maple.js/Client.js...
static file jquery-1.7.1.min.js loaded
loading client.js...
static file Maple.js/Client.js loaded
static file client.js loaded
loading dev.html...
static file dev.html loaded
Server at http://0.0.0.0:8001/
loading index.html...
static file index.html loaded
loading style.css...
loading jquery-1.7.1.min.js...
static file style.css loaded
loading Maple.js/lib/Twist.js...
loading Maple.js/lib/Class.js...
loading Maple.js/lib/bison.js...
static file jquery-1.7.1.min.js loaded
static file Maple.js/lib/Twist.js loaded
static file Maple.js/lib/Class.js loaded
static file Maple.js/lib/bison.js loaded
loading Maple.js/Client.js...
loading Maple.js/Maple.js...
static file Maple.js/Client.js loaded
static file Maple.js/Maple.js loaded
loading client.js...
static file client.js loaded
loading dev.html...
static file dev.html loaded
Server at http://0.0.0.0:80/
loading index.html...
static file index.html loaded
loading style.css...
loading Maple.js/Maple.js...
loading Maple.js/lib/Twist.js...
loading Maple.js/lib/Class.js...
loading Maple.js/lib/bison.js...
loading jquery-1.7.1.min.js...
static file style.css loaded
static file Maple.js/lib/Twist.js loaded
static file Maple.js/lib/Class.js loaded
static file jquery-1.7.1.min.js loaded
loading Maple.js/Client.js...
loading client.js...
static file client.js loaded
static file Maple.js/lib/bison.js loaded
static file Maple.js/Maple.js loaded
static file Maple.js/Client.js loaded
Server at http://0.0.0.0:80/
loading index.html...
static file index.html loaded
loading style.css...
static file style.css loaded
loading Maple.js/lib/bison.js...
loading jquery-1.7.1.min.js...
loading Maple.js/Maple.js...
loading Maple.js/lib/Twist.js...
loading Maple.js/lib/Class.js...
static file Maple.js/lib/bison.js loaded
static file jquery-1.7.1.min.js loaded
static file Maple.js/lib/Twist.js loaded
static file Maple.js/lib/Class.js loaded
static file Maple.js/Maple.js loaded
loading Maple.js/Client.js...
loading client.js...
static file Maple.js/Client.js loaded
static file client.js loaded
loading dev.html...
static file dev.html loaded
